<?xml version="1.0" encoding="UTF-8"?>
<testsuite xmlns:xsi="http://www.w3.org/2001/XMLSchema-instance" xsi:noNamespaceSchemaLocation="https://maven.apache.org/surefire/maven-surefire-plugin/xsd/surefire-test-report-3.0.xsd" version="3.0" name="Validate that a swap of USDT to BTC is executed successfully, with real-time rates displayed before confirmation" time="0.151" tests="1" errors="1" skipped="0" failures="0">
  <properties>
[...]
</properties>
  <testcase name="Swap of USDT to BTC" classname="Validate that a swap of USDT to BTC is executed successfully, with real-time rates displayed before confirmation" time="0.151">
    <error message="The step &apos;The user goes to the url.&apos; and 19 other step(s) are undefined.&#10;You can implement these steps using the snippet(s) below:&#10;&#10;@Given(&quot;The user goes to the url.&quot;)&#10;public void the_user_goes_to_the_url() {&#10;    // Write code here that turns the phrase above into concrete actions&#10;    throw new io.cucumber.java.PendingException();&#10;}&#10;@When(&quot;The user accepts the cookie on the page.&quot;)&#10;public void the_user_accepts_the_cookie_on_the_page() {&#10;    // Write code here that turns the phrase above into concrete actions&#10;    throw new io.cucumber.java.PendingException();&#10;}&#10;@When(&quot;User clicks the login button&quot;)&#10;public void user_clicks_the_login_button() {&#10;    // Write code here that turns the phrase above into concrete actions&#10;    throw new io.cucumber.java.PendingException();&#10;}&#10;@When(&quot;The user enters the e-mail address registered in the system.&quot;)&#10;public void the_user_enters_the_e_mail_address_registered_in_the_system() {&#10;    // Write code here that turns the phrase above into concrete actions&#10;    throw new io.cucumber.java.PendingException();&#10;}&#10;@When(&quot;The user enters the password registered in the system.&quot;)&#10;public void the_user_enters_the_password_registered_in_the_system() {&#10;    // Write code here that turns the phrase above into concrete actions&#10;    throw new io.cucumber.java.PendingException();&#10;}&#10;@When(&quot;The user clicks the login button.&quot;)&#10;public void the_user_clicks_the_login_button() {&#10;    // Write code here that turns the phrase above into concrete actions&#10;    throw new io.cucumber.java.PendingException();&#10;}&#10;@When(&quot;User enters sms verification code&quot;)&#10;public void user_enters_sms_verification_code() {&#10;    // Write code here that turns the phrase above into concrete actions&#10;    throw new io.cucumber.java.PendingException();&#10;}&#10;@When(&quot;Clicks the Send button&quot;)&#10;public void clicks_the_send_button() {&#10;    // Write code here that turns the phrase above into concrete actions&#10;    throw new io.cucumber.java.PendingException();&#10;}&#10;@When(&quot;User clicks on the search transaction pair box on the opened page&quot;)&#10;public void user_clicks_on_the_search_transaction_pair_box_on_the_opened_page() {&#10;    // Write code here that turns the phrase above into concrete actions&#10;    throw new io.cucumber.java.PendingException();&#10;}&#10;@When(&quot;Type the cryptocurrency to swap into the search box&quot;)&#10;public void type_the_cryptocurrency_to_swap_into_the_search_box() {&#10;    // Write code here that turns the phrase above into concrete actions&#10;    throw new io.cucumber.java.PendingException();&#10;}&#10;@When(&quot;The user clicks on the cryptocurrency to trade.&quot;)&#10;public void the_user_clicks_on_the_cryptocurrency_to_trade() {&#10;    // Write code here that turns the phrase above into concrete actions&#10;    throw new io.cucumber.java.PendingException();&#10;}&#10;@When(&quot;The user clicks on the dropdown in the swap section of the cryptocurrency detail page.&quot;)&#10;public void the_user_clicks_on_the_dropdown_in_the_swap_section_of_the_cryptocurrency_detail_page() {&#10;    // Write code here that turns the phrase above into concrete actions&#10;    throw new io.cucumber.java.PendingException();&#10;}&#10;@When(&quot;The user selects USDT from the box at the top of the cryptocurrency list&quot;)&#10;public void the_user_selects_usdt_from_the_box_at_the_top_of_the_cryptocurrency_list() {&#10;    // Write code here that turns the phrase above into concrete actions&#10;    throw new io.cucumber.java.PendingException();&#10;}&#10;@When(&quot;User types BTC in the asset search box&quot;)&#10;public void user_types_btc_in_the_asset_search_box() {&#10;    // Write code here that turns the phrase above into concrete actions&#10;    throw new io.cucumber.java.PendingException();&#10;}&#10;@When(&quot;User clicks on BTC-USTD swap in the incoming table&quot;)&#10;public void user_clicks_on_btc_ustd_swap_in_the_incoming_table() {&#10;    // Write code here that turns the phrase above into concrete actions&#10;    throw new io.cucumber.java.PendingException();&#10;}&#10;@Then(&quot;The user verifies that the trading pairs to be swapped are BTC-USDT&quot;)&#10;public void the_user_verifies_that_the_trading_pairs_to_be_swapped_are_btc_usdt() {&#10;    // Write code here that turns the phrase above into concrete actions&#10;    throw new io.cucumber.java.PendingException();&#10;}&#10;@When(&quot;The user enters the amount of money they want to exchange into the calculator&quot;)&#10;public void the_user_enters_the_amount_of_money_they_want_to_exchange_into_the_calculator() {&#10;    // Write code here that turns the phrase above into concrete actions&#10;    throw new io.cucumber.java.PendingException();&#10;}&#10;@Then(&quot;The user verifies that the amount entered in the calculator is displayed&quot;)&#10;public void the_user_verifies_that_the_amount_entered_in_the_calculator_is_displayed() {&#10;    // Write code here that turns the phrase above into concrete actions&#10;    throw new io.cucumber.java.PendingException();&#10;}&#10;@Then(&quot;The user validates the value of the approximate amount they want to swap using the approximate price information displayed on the ui&quot;)&#10;public void the_user_validates_the_value_of_the_approximate_amount_they_want_to_swap_using_the_approximate_price_information_displayed_on_the_ui() {&#10;    // Write code here that turns the phrase above into concrete actions&#10;    throw new io.cucumber.java.PendingException();&#10;}&#10;@Then(&quot;User confirms that the buy text is clickable&quot;)&#10;public void user_confirms_that_the_buy_text_is_clickable() {&#10;    // Write code here that turns the phrase above into concrete actions&#10;    throw new io.cucumber.java.PendingException();&#10;}&#10;" type="io.cucumber.junit.UndefinedStepException"><![CDATA[io.cucumber.junit.UndefinedStepException: 
The step 'The user goes to the url.' and 19 other step(s) are undefined.
You can implement these steps using the snippet(s) below:

@Given("The user goes to the url.")
public void the_user_goes_to_the_url() {
    // Write code here that turns the phrase above into concrete actions
    throw new io.cucumber.java.PendingException();
}
@When("The user accepts the cookie on the page.")
public void the_user_accepts_the_cookie_on_the_page() {
    // Write code here that turns the phrase above into concrete actions
    throw new io.cucumber.java.PendingException();
}
@When("User clicks the login button")
public void user_clicks_the_login_button() {
    // Write code here that turns the phrase above into concrete actions
    throw new io.cucumber.java.PendingException();
}
@When("The user enters the e-mail address registered in the system.")
public void the_user_enters_the_e_mail_address_registered_in_the_system() {
    // Write code here that turns the phrase above into concrete actions
    throw new io.cucumber.java.PendingException();
}
@When("The user enters the password registered in the system.")
public void the_user_enters_the_password_registered_in_the_system() {
    // Write code here that turns the phrase above into concrete actions
    throw new io.cucumber.java.PendingException();
}
@When("The user clicks the login button.")
public void the_user_clicks_the_login_button() {
    // Write code here that turns the phrase above into concrete actions
    throw new io.cucumber.java.PendingException();
}
@When("User enters sms verification code")
public void user_enters_sms_verification_code() {
    // Write code here that turns the phrase above into concrete actions
    throw new io.cucumber.java.PendingException();
}
@When("Clicks the Send button")
public void clicks_the_send_button() {
    // Write code here that turns the phrase above into concrete actions
    throw new io.cucumber.java.PendingException();
}
@When("User clicks on the search transaction pair box on the opened page")
public void user_clicks_on_the_search_transaction_pair_box_on_the_opened_page() {
    // Write code here that turns the phrase above into concrete actions
    throw new io.cucumber.java.PendingException();
}
@When("Type the cryptocurrency to swap into the search box")
public void type_the_cryptocurrency_to_swap_into_the_search_box() {
    // Write code here that turns the phrase above into concrete actions
    throw new io.cucumber.java.PendingException();
}
@When("The user clicks on the cryptocurrency to trade.")
public void the_user_clicks_on_the_cryptocurrency_to_trade() {
    // Write code here that turns the phrase above into concrete actions
    throw new io.cucumber.java.PendingException();
}
@When("The user clicks on the dropdown in the swap section of the cryptocurrency detail page.")
public void the_user_clicks_on_the_dropdown_in_the_swap_section_of_the_cryptocurrency_detail_page() {
    // Write code here that turns the phrase above into concrete actions
    throw new io.cucumber.java.PendingException();
}
@When("The user selects USDT from the box at the top of the cryptocurrency list")
public void the_user_selects_usdt_from_the_box_at_the_top_of_the_cryptocurrency_list() {
    // Write code here that turns the phrase above into concrete actions
    throw new io.cucumber.java.PendingException();
}
@When("User types BTC in the asset search box")
public void user_types_btc_in_the_asset_search_box() {
    // Write code here that turns the phrase above into concrete actions
    throw new io.cucumber.java.PendingException();
}
@When("User clicks on BTC-USTD swap in the incoming table")
public void user_clicks_on_btc_ustd_swap_in_the_incoming_table() {
    // Write code here that turns the phrase above into concrete actions
    throw new io.cucumber.java.PendingException();
}
@Then("The user verifies that the trading pairs to be swapped are BTC-USDT")
public void the_user_verifies_that_the_trading_pairs_to_be_swapped_are_btc_usdt() {
    // Write code here that turns the phrase above into concrete actions
    throw new io.cucumber.java.PendingException();
}
@When("The user enters the amount of money they want to exchange into the calculator")
public void the_user_enters_the_amount_of_money_they_want_to_exchange_into_the_calculator() {
    // Write code here that turns the phrase above into concrete actions
    throw new io.cucumber.java.PendingException();
}
@Then("The user verifies that the amount entered in the calculator is displayed")
public void the_user_verifies_that_the_amount_entered_in_the_calculator_is_displayed() {
    // Write code here that turns the phrase above into concrete actions
    throw new io.cucumber.java.PendingException();
}
@Then("The user validates the value of the approximate amount they want to swap using the approximate price information displayed on the ui")
public void the_user_validates_the_value_of_the_approximate_amount_they_want_to_swap_using_the_approximate_price_information_displayed_on_the_ui() {
    // Write code here that turns the phrase above into concrete actions
    throw new io.cucumber.java.PendingException();
}
@Then("User confirms that the buy text is clickable")
public void user_confirms_that_the_buy_text_is_clickable() {
    // Write code here that turns the phrase above into concrete actions
    throw new io.cucumber.java.PendingException();
}

]]></error>
    <system-out><![CDATA[
@swap
Scenario: Swap of USDT to BTC                                                                                                              &amp#27;[90m# src/test/resources/Swap_100_USDT_to_BTC.feature:3&amp#27;[0m
  &amp#27;[33mGiven &amp#27;[0m&amp#27;[33mThe user goes to the url.&amp#27;[0m
  &amp#27;[36mWhen &amp#27;[0m&amp#27;[36mThe user accepts the cookie on the page.&amp#27;[0m
  &amp#27;[36mAnd &amp#27;[0m&amp#27;[36mUser clicks the login button&amp#27;[0m
  &amp#27;[36mAnd &amp#27;[0m&amp#27;[36mThe user enters the e-mail address registered in the system.&amp#27;[0m
  &amp#27;[36mAnd &amp#27;[0m&amp#27;[36mThe user enters the password registered in the system.&amp#27;[0m
  &amp#27;[36mAnd &amp#27;[0m&amp#27;[36mThe user clicks the login button.&amp#27;[0m
  &amp#27;[36mAnd &amp#27;[0m&amp#27;[36mUser enters sms verification code&amp#27;[0m
  &amp#27;[36mAnd &amp#27;[0m&amp#27;[36mClicks the Send button&amp#27;[0m
  &amp#27;[36mAnd &amp#27;[0m&amp#27;[36mUser clicks on the search transaction pair box on the opened page&amp#27;[0m
  &amp#27;[36mAnd &amp#27;[0m&amp#27;[36mType the cryptocurrency to swap into the search box&amp#27;[0m
  &amp#27;[36mAnd &amp#27;[0m&amp#27;[36mThe user clicks on the cryptocurrency to trade.&amp#27;[0m
  &amp#27;[36mAnd &amp#27;[0m&amp#27;[36mThe user clicks on the dropdown in the swap section of the cryptocurrency detail page.&amp#27;[0m
  &amp#27;[36mAnd &amp#27;[0m&amp#27;[36mThe user selects USDT from the box at the top of the cryptocurrency list&amp#27;[0m
  &amp#27;[36mAnd &amp#27;[0m&amp#27;[36mUser types BTC in the asset search box&amp#27;[0m
  &amp#27;[36mAnd &amp#27;[0m&amp#27;[36mUser clicks on BTC-USTD swap in the incoming table&amp#27;[0m
  &amp#27;[36mThen &amp#27;[0m&amp#27;[36mThe user verifies that the trading pairs to be swapped are BTC-USDT&amp#27;[0m
  &amp#27;[36mWhen &amp#27;[0m&amp#27;[36mThe user enters the amount of money they want to exchange into the calculator&amp#27;[0m
  &amp#27;[36mThen &amp#27;[0m&amp#27;[36mThe user verifies that the amount entered in the calculator is displayed&amp#27;[0m
  &amp#27;[36mAnd &amp#27;[0m&amp#27;[36mThe user validates the value of the approximate amount they want to swap using the approximate price information displayed on the ui&amp#27;[0m
  &amp#27;[36mThen &amp#27;[0m&amp#27;[36mUser confirms that the buy text is clickable&amp#27;[0m
]]></system-out>
  </testcase>
</testsuite>