<?xml version="1.0" encoding="UTF-8"?>
<testsuite xmlns:xsi="http://www.w3.org/2001/XMLSchema-instance" xsi:noNamespaceSchemaLocation="https://maven.apache.org/surefire/maven-surefire-plugin/xsd/surefire-test-report-3.0.xsd" version="3.0" name="Validate that a swap of USDT to BTC is executed successfully, with real-time rates displayed before confirmation" time="47.249" tests="1" errors="0" skipped="0" failures="1">
  <properties>
[...]
</properties>
  <testcase name="Swap of USDT to BTC" classname="Validate that a swap of USDT to BTC is executed successfully, with real-time rates displayed before confirmation" time="47.249">
    <failure message="expected:&lt;1.0000690047613285&gt; but was:&lt;0.001000069&gt;" type="java.lang.AssertionError"><![CDATA[java.lang.AssertionError: expected:<1.0000690047613285> but was:<0.001000069>
	at org.junit.Assert.fail(Assert.java:89)
	at org.junit.Assert.failNotEquals(Assert.java:835)
	at org.junit.Assert.assertEquals(Assert.java:555)
	at org.junit.Assert.assertEquals(Assert.java:685)
	at bilira.step_definitions.Swap_StepDefinitions.theUserValidatesTheValueOfTheApproximateAmountTheyWantToSwapUsingTheApproximatePriceInformationDisplayedOnTheUi(Swap_StepDefinitions.java:186)
	at ✽.The user validates the value of the approximate amount they want to swap using the approximate price information displayed on the ui(file:///home/livde/IdeaProjects/Bilira/src/test/resources/Swap_100_USDT_to_BTC.feature:22)
]]></failure>
    <system-out><![CDATA[
@swap
Scenario: Swap of USDT to BTC                                                                                                              &amp#27;[90m# src/test/resources/Swap_100_USDT_to_BTC.feature:3&amp#27;[0m
  &amp#27;[32mGiven &amp#27;[0m&amp#27;[32mThe user goes to the url.&amp#27;[0m                                                                                                          &amp#27;[90m# bilira.step_definitions.Swap_StepDefinitions.theUserGoesToTheUrl()&amp#27;[0m
  &amp#27;[32mWhen &amp#27;[0m&amp#27;[32mThe user accepts the cookie on the page.&amp#27;[0m                                                                                            &amp#27;[90m# bilira.step_definitions.Swap_StepDefinitions.theUserAcceptsTheCookieOnThePage()&amp#27;[0m
  &amp#27;[32mAnd &amp#27;[0m&amp#27;[32mUser clicks the login button&amp#27;[0m                                                                                                         &amp#27;[90m# bilira.step_definitions.Swap_StepDefinitions.userClicksTheLoginButton()&amp#27;[0m
  &amp#27;[32mAnd &amp#27;[0m&amp#27;[32mThe user enters the e-mail address registered in the system.&amp#27;[0m                                                                         &amp#27;[90m# bilira.step_definitions.Swap_StepDefinitions.theUserEntersTheEMailAddressRegisteredInTheSystem()&amp#27;[0m
  &amp#27;[32mAnd &amp#27;[0m&amp#27;[32mThe user enters the password registered in the system.&amp#27;[0m                                                                               &amp#27;[90m# bilira.step_definitions.Swap_StepDefinitions.theUserEntersThePasswordRegisteredInTheSystem()&amp#27;[0m
  &amp#27;[32mAnd &amp#27;[0m&amp#27;[32mThe user clicks the login button.&amp#27;[0m                                                                                                    &amp#27;[90m# bilira.step_definitions.Swap_StepDefinitions.theUserClicksTheLoginButton()&amp#27;[0m
  &amp#27;[32mAnd &amp#27;[0m&amp#27;[32mUser enters sms verification code&amp#27;[0m                                                                                                    &amp#27;[90m# bilira.step_definitions.Swap_StepDefinitions.userEntersSmsVerificationCode()&amp#27;[0m
  &amp#27;[32mAnd &amp#27;[0m&amp#27;[32mClicks the Send button&amp#27;[0m                                                                                                               &amp#27;[90m# bilira.step_definitions.Swap_StepDefinitions.clicksTheSendButton()&amp#27;[0m
  &amp#27;[32mAnd &amp#27;[0m&amp#27;[32mUser clicks on the search transaction pair box on the opened page&amp#27;[0m                                                                    &amp#27;[90m# bilira.step_definitions.Swap_StepDefinitions.userClicksOnTheSearchTransactionPairBoxOnTheOpenedPage()&amp#27;[0m
  &amp#27;[32mAnd &amp#27;[0m&amp#27;[32mType the cryptocurrency to swap into the search box&amp#27;[0m                                                                                  &amp#27;[90m# bilira.step_definitions.Swap_StepDefinitions.typeTheCryptocurrencyToSwapIntoTheSearchBox()&amp#27;[0m
  &amp#27;[32mAnd &amp#27;[0m&amp#27;[32mThe user clicks on the cryptocurrency to trade.&amp#27;[0m                                                                                      &amp#27;[90m# bilira.step_definitions.Swap_StepDefinitions.theUserClicksOnTheCryptocurrencyToTrade()&amp#27;[0m
  &amp#27;[32mAnd &amp#27;[0m&amp#27;[32mThe user clicks on the dropdown in the swap section of the cryptocurrency detail page.&amp#27;[0m                                               &amp#27;[90m# bilira.step_definitions.Swap_StepDefinitions.theUserClicksOnTheDropdownInTheSwapSectionOfTheCryptocurrencyDetailPage()&amp#27;[0m
  &amp#27;[32mAnd &amp#27;[0m&amp#27;[32mThe user selects USDT from the box at the top of the cryptocurrency list&amp#27;[0m                                                             &amp#27;[90m# bilira.step_definitions.Swap_StepDefinitions.theUserSelectsUSDTFromTheBoxAtTheTopOfTheCryptocurrencyList()&amp#27;[0m
  &amp#27;[32mAnd &amp#27;[0m&amp#27;[32mUser types BTC in the asset search box&amp#27;[0m                                                                                               &amp#27;[90m# bilira.step_definitions.Swap_StepDefinitions.userTypesBTCInTheAssetSearchBox()&amp#27;[0m
  &amp#27;[32mAnd &amp#27;[0m&amp#27;[32mUser clicks on BTC-USTD swap in the incoming table&amp#27;[0m                                                                                   &amp#27;[90m# bilira.step_definitions.Swap_StepDefinitions.userClicksOnBTCUSTDSwapInTheIncomingTable()&amp#27;[0m
  &amp#27;[32mThen &amp#27;[0m&amp#27;[32mThe user verifies that the trading pairs to be swapped are BTC-USDT&amp#27;[0m                                                                 &amp#27;[90m# bilira.step_definitions.Swap_StepDefinitions.theUserVerifiesThatTheTradingPairsToBeSwappedAreBTCUSDT()&amp#27;[0m
  &amp#27;[32mWhen &amp#27;[0m&amp#27;[32mThe user enters the amount of money they want to exchange into the calculator&amp#27;[0m                                                       &amp#27;[90m# bilira.step_definitions.Swap_StepDefinitions.theUserEntersTheAmountOfMoneyTheyWantToExchangeIntoTheCalculator()&amp#27;[0m
  &amp#27;[32mThen &amp#27;[0m&amp#27;[32mThe user verifies that the amount entered in the calculator is displayed&amp#27;[0m                                                            &amp#27;[90m# bilira.step_definitions.Swap_StepDefinitions.theUserVerifiesThatTheAmountEnteredInTheCalculatorIsDisplayed()&amp#27;[0m
BTC/USDT Value: 99.9931
approximateAmaunt = 1.0000690047613285
Yaklaşık Değer (UI): 0.001000069
  &amp#27;[31mAnd &amp#27;[0m&amp#27;[31mThe user validates the value of the approximate amount they want to swap using the approximate price information displayed on the ui&amp#27;[0m &amp#27;[90m# bilira.step_definitions.Swap_StepDefinitions.theUserValidatesTheValueOfTheApproximateAmountTheyWantToSwapUsingTheApproximatePriceInformationDisplayedOnTheUi()&amp#27;[0m
      &amp#27;[31mjava.lang.AssertionError: expected:<1.0000690047613285> but was:<0.001000069>
	at org.junit.Assert.fail(Assert.java:89)
	at org.junit.Assert.failNotEquals(Assert.java:835)
	at org.junit.Assert.assertEquals(Assert.java:555)
	at org.junit.Assert.assertEquals(Assert.java:685)
	at bilira.step_definitions.Swap_StepDefinitions.theUserValidatesTheValueOfTheApproximateAmountTheyWantToSwapUsingTheApproximatePriceInformationDisplayedOnTheUi(Swap_StepDefinitions.java:186)
	at ✽.The user validates the value of the approximate amount they want to swap using the approximate price information displayed on the ui(file:///home/livde/IdeaProjects/Bilira/src/test/resources/Swap_100_USDT_to_BTC.feature:22)
&amp#27;[0m
  &amp#27;[36mThen &amp#27;[0m&amp#27;[36mUser confirms that the buy text is clickable&amp#27;[0m                                                                                        &amp#27;[90m# bilira.step_definitions.Swap_StepDefinitions.userConfirmsThatTheBuyTextIsClickable()&amp#27;[0m

    Embedding Failure Screenshot [image/png 196882 bytes]

]]></system-out>
  </testcase>
</testsuite>